TN:
SF:/Users/chenyiyu/Documents/gcov-test/calc_mean.c
FN:1,_Z4meandd
FNDA:1,_Z4meandd
FNF:1
FNH:1
DA:2,1
LF:1
LH:1
end_of_record
TN:
SF:/Users/chenyiyu/Documents/gcov-test/calc_sum.c
FN:5,_Z3sumii
FNDA:1,_Z3sumii
FNF:1
FNH:1
DA:7,1
DA:8,1
DA:10,1
LF:3
LH:3
end_of_record
TN:
SF:/Users/chenyiyu/Documents/gcov-test/calc_mult.h
FN:4,_Z4multii
FNDA:2,_Z4multii
FNF:1
FNH:1
DA:6,2
LF:1
LH:1
end_of_record
SF:/Users/chenyiyu/Documents/gcov-test/main.c
FN:9,_Z3sayi
FN:17,main
FNDA:1,_Z3sayi
FNDA:1,main
FNF:2
FNH:2
DA:11,1
DA:12,1
DA:14,0
DA:15,1
DA:20,1
DA:21,1
DA:23,1
DA:24,1
DA:27,1
DA:28,1
DA:30,1
DA:31,1
DA:33,1
DA:34,1
DA:36,1
DA:37,1
DA:40,1
DA:42,1
LF:18
LH:17
end_of_record
SF:/Users/chenyiyu/Documents/gcov-test/template_sum.c
FN:2,_Z5t_sumIiET_S0_S0_
FNDA:1,_Z5t_sumIiET_S0_S0_
FNF:1
FNH:1
DA:4,1
LF:1
LH:1
end_of_record
TN:
